<?xml version="1.0" encoding="UTF-8"?>
<!-- Generated by org.testng.reporters.JUnitXMLReporter -->
<testsuite ignored="0" hostname="Shrihans-MacBook-Pro.local" failures="0" tests="11" name="Test" time="3.371" errors="0" timestamp="02 May 2024 01:46:00 GMT">
  <testcase classname="Org.testing.testScripts.TC1_PostRequest" name="testcase1" time="0.998"/>
  <testcase classname="Org.testing.testScripts.TC3_PostRequestVar" name="testcase3" time="0.435"/>
  <testcase classname="Org.testing.testScripts.TC4_GetParticularRequest" name="testcase4" time="0.021"/>
  <testcase classname="Org.testing.testScripts.TC2_GetAllRequest" name="testcase2" time="0.017"/>
  <testcase classname="Org.testing.testScripts.TC5_PutRequest" name="testcase5" time="0.012"/>
  <testcase classname="Org.testing.testScripts.TC6_DeleteRequest" name="testcase6" time="0.047"/>
  <testcase classname="Org.testing.testScripts.TC7_RealTimePostRequest" name="testcase7" time="0.377"/>
  <testcase classname="Org.testing.testScripts.TC9_RealTimeGetParticular" name="testcase9" time="0.298"/>
  <testcase classname="Org.testing.testScripts.TC8_RealTimeGetAllReq" name="testcase8" time="0.546"/>
  <testcase classname="Org.testing.testScripts.TC10_RealTimePutRequest" name="testcase10" time="0.28"/>
  <testcase classname="Org.testing.testScripts.TC11_RealTimeDeleteReq" name="testcase11" time="0.304"/>
</testsuite> <!-- Test -->
